#
# There is insufficient memory for the Java Runtime Environment to continue.
# Native memory allocation (mmap) failed to map 130023424 bytes. Error detail: G1 virtual space
# Possible reasons:
#   The system is out of physical RAM or swap space
#   This process is running with CompressedOops enabled, and the Java Heap may be blocking the growth of the native heap
# Possible solutions:
#   Reduce memory load on the system
#   Increase physical memory or swap space
#   Check if swap backing store is full
#   Decrease Java heap size (-Xmx/-Xms)
#   Decrease number of Java threads
#   Decrease Java thread stack sizes (-Xss)
#   Set larger code cache with -XX:ReservedCodeCacheSize=
#   JVM is running with Unscaled Compressed Oops mode in which the Java heap is
#     placed in the first 4GB address space. The Java Heap base address is the
#     maximum limit for the native heap growth. Please use -XX:HeapBaseMinAddress
#     to set the Java Heap base and to place the Java Heap above 4GB virtual address.
# This output file may be truncated or incomplete.
#
#  Out of Memory Error (os_windows.cpp:3554), pid=21080, tid=17224
#
# JRE version:  (25.0.1+8) (build )
# Java VM: OpenJDK 64-Bit Server VM (25.0.1+8-LTS, mixed mode, sharing, tiered, compressed oops, compressed class ptrs, g1 gc, windows-amd64)
# No core dump will be written. Minidumps are not enabled by default on client versions of Windows
#

---------------  S U M M A R Y ------------

Command Line: -Dfile.encoding=UTF-8 --module-path=C:\Users\shiva\OneDrive\Documents(1)\NetBeansProjects\Bank Management System\build\classes bank.management.system.SignupOne

Host: 11th Gen Intel(R) Core(TM) i3-1115G4 @ 3.00GHz, 4 cores, 7G,  Windows 11 , 64 bit Build 26100 (10.0.26100.7019)
Time: Sun Nov 23 18:48:42 2025 India Standard Time elapsed time: 0.016290 seconds (0d 0h 0m 0s)

---------------  T H R E A D  ---------------

Current thread (0x000001b49f152dc0):  JavaThread "Unknown thread" [_thread_in_vm, id=17224, stack(0x0000005f75000000,0x0000005f75100000) (1024K)]

Stack: [0x0000005f75000000,0x0000005f75100000]
Native frames: (J=compiled Java code, j=interpreted, Vv=VM code, C=native code)
V  [jvm.dll+0x7a8379]  (no source info available)
V  [jvm.dll+0x7729fd]  (no source info available)
V  [jvm.dll+0x9f57b3]  (no source info available)
V  [jvm.dll+0x9f7da1]  (no source info available)
V  [jvm.dll+0x9f84a3]  (no source info available)
V  [jvm.dll+0x2fcd26]  (no source info available)
V  [jvm.dll+0x7a45a5]  (no source info available)
V  [jvm.dll+0x797a07]  (no source info available)
V  [jvm.dll+0x3f4cb8]  (no source info available)
V  [jvm.dll+0x3fcbf6]  (no source info available)
V  [jvm.dll+0x3e938e]  (no source info available)
V  [jvm.dll+0x3e9648]  (no source info available)
V  [jvm.dll+0x3c0b15]  (no source info available)
V  [jvm.dll+0x3c179e]  (no source info available)
V  [jvm.dll+0x9bbc74]  (no source info available)
V  [jvm.dll+0x459892]  (no source info available)
V  [jvm.dll+0x99faa2]  (no source info available)
V  [jvm.dll+0x4fa061]  (no source info available)
V  [jvm.dll+0x4fb951]  (no source info available)
C  [jli.dll+0x53fa]  (no source info available)
C  [ucrtbase.dll+0x37b0]  (no source info available)
C  [KERNEL32.DLL+0x2e8d7]  (no source info available)
C  [ntdll.dll+0x8c53c]  (no source info available)

Lock stack of current Java thread (top to bottom):


---------------  P R O C E S S  ---------------

Threads class SMR info:
_java_thread_list=0x00007ff8556cdf88, length=0, elements={
}

Java Threads: ( => current thread )
Total: 0

Other Threads:
  0x000001b4a13854c0 WorkerThread "GC Thread#0"                     [id=21600, stack(0x0000005f75100000,0x0000005f75200000) (1024K)]
  0x000001b4a139d510 ConcurrentGCThread "G1 Main Marker"            [id=3796, stack(0x0000005f75200000,0x0000005f75300000) (1024K)]
  0x000001b4a139efa0 WorkerThread "G1 Conc#0"                       [id=19876, stack(0x0000005f75300000,0x0000005f75400000) (1024K)]

[error occurred during error reporting (printing all threads), id 0xc0000005, EXCEPTION_ACCESS_VIOLATION (0xc0000005) at pc=0x00007ff854cf538a]
VM state: not at safepoint (not fully initialized)

VM Mutex/Monitor currently owned by a thread:  ([mutex/lock_event])
[0x00007ff8557564e8] Heap_lock - owner thread: 0x000001b49f152dc0

Heap address: 0x0000000085800000, size: 1960 MB, Compressed Oops mode: 32-bit

CDS archive(s) mapped at: [0x0000000000000000-0x0000000000000000-0x0000000000000000), size 0, SharedBaseAddress: 0x0000000800000000, ArchiveRelocationMode: 1.
UseCompressedClassPointers 1, UseCompactObjectHeaders 0
Narrow klass pointer bits 32, Max shift 3
Narrow klass base: 0xffffffffffffffff, Narrow klass shift: -1
Encoding Range: [0xffffffffffffffff - 0x000000007fffffff), (2147483648 bytes)
Klass Range:    [0x0000000000000000 - 0x0000000000000000), (0 bytes)
Klass ID Range:  [4294967295 - 0) (1)
No protection zone.

GC Precious Log:
 CardTable entry size: 512
 Card Set container configuration: InlinePtr #cards 5 size 8 Array Of Cards #cards 10 size 36 Howl #buckets 4 coarsen threshold 1843 Howl Bitmap #cards 512 size 80 coarsen threshold 460 Card regions per heap region 1 cards per card region 2048

Heap:
 garbage-first heap   total reserved 2007040K, committed 0K, used 0K [0x0000000085800000, 0x0000000100000000)
  region size 1024K, 0 young (0K), 0 survivors (0K)

Heap Regions: E=young(eden), S=young(survivor), O=old, HS=humongous(starts), HC=humongous(continues), CS=collection set, F=free, TAMS=top-at-mark-start, PB=parsable bottom

Card table byte_map: [0x000001b4b9200000,0x000001b4b95e0000] _byte_map_base: 0x000001b4b8dd4000

Marking Bits: (CMBitMap*) 0x000001b4a1385c50
 Bits: [0x000001b4b95e0000, 0x000001b4bb480000)

GC Heap Usage History (0 events):
No events

Metaspace Usage History (0 events):
No events

Dll operation events (1 events):
Event: 0.008 Loaded shared library C:\Program Files\Apache NetBeans\jdk\bin\java.dll

Deoptimization events (0 events):
No events

Classes loaded (0 events):
No events

Classes unloaded (0 events):
No events

Classes redefined (0 events):
No events

Internal exceptions (0 events):
No events

VM Operations (0 events):
No events

Memory protections (0 events):
No events

Nmethod flushes (0 events):
No events

Events (0 events):
No events


Dynamic libraries:
0x00007ff767a00000 - 0x00007ff767a0e000 	C:\Program Files\Apache NetBeans\jdk\bin\java.exe
0x00007ff8d1f00000 - 0x00007ff8d2168000 	C:\WINDOWS\SYSTEM32\ntdll.dll
0x00007ff8d0df0000 - 0x00007ff8d0eb9000 	C:\WINDOWS\System32\KERNEL32.DLL
0x00007ff8cf660000 - 0x00007ff8cfa58000 	C:\WINDOWS\System32\KERNELBASE.dll
0x00007ff8cf2f0000 - 0x00007ff8cf43b000 	C:\WINDOWS\System32\ucrtbase.dll
0x00007ff85f500000 - 0x00007ff85f51e000 	C:\Program Files\Apache NetBeans\jdk\bin\VCRUNTIME140.dll
0x00007ff858c20000 - 0x00007ff858c36000 	C:\Program Files\Apache NetBeans\jdk\bin\jli.dll
0x00007ff8cfe70000 - 0x00007ff8d0037000 	C:\WINDOWS\System32\USER32.dll
0x00007ff8cf180000 - 0x00007ff8cf1a7000 	C:\WINDOWS\System32\win32u.dll
0x00007ff8b09c0000 - 0x00007ff8b0c54000 	C:\WINDOWS\WinSxS\amd64_microsoft.windows.common-controls_6595b64144ccf1df_6.0.26100.7019_none_3e06ffa0e335b8a8\COMCTL32.dll
0x00007ff8d08a0000 - 0x00007ff8d08cb000 	C:\WINDOWS\System32\GDI32.dll
0x00007ff8d07f0000 - 0x00007ff8d0899000 	C:\WINDOWS\System32\msvcrt.dll
0x00007ff8cf050000 - 0x00007ff8cf17c000 	C:\WINDOWS\System32\gdi32full.dll
0x00007ff8cf5b0000 - 0x00007ff8cf653000 	C:\WINDOWS\System32\msvcp_win.dll
0x00007ff8d1900000 - 0x00007ff8d1931000 	C:\WINDOWS\System32\IMM32.DLL
0x00007ff88e260000 - 0x00007ff88e26c000 	C:\Program Files\Apache NetBeans\jdk\bin\vcruntime140_1.dll
0x00007ff856d30000 - 0x00007ff856dbd000 	C:\Program Files\Apache NetBeans\jdk\bin\msvcp140.dll
0x00007ff854920000 - 0x00007ff855846000 	C:\Program Files\Apache NetBeans\jdk\bin\server\jvm.dll
0x00007ff8d1940000 - 0x00007ff8d19f4000 	C:\WINDOWS\System32\ADVAPI32.dll
0x00007ff8cfca0000 - 0x00007ff8cfd46000 	C:\WINDOWS\System32\sechost.dll
0x00007ff8d1080000 - 0x00007ff8d1198000 	C:\WINDOWS\System32\RPCRT4.dll
0x00007ff8d0b50000 - 0x00007ff8d0bc4000 	C:\WINDOWS\System32\WS2_32.dll
0x00007ff8ceed0000 - 0x00007ff8cef2e000 	C:\WINDOWS\SYSTEM32\POWRPROF.dll
0x00007ff8c35b0000 - 0x00007ff8c35bb000 	C:\WINDOWS\SYSTEM32\VERSION.dll
0x00007ff8c3530000 - 0x00007ff8c3565000 	C:\WINDOWS\SYSTEM32\WINMM.dll
0x00007ff8ceeb0000 - 0x00007ff8ceec4000 	C:\WINDOWS\SYSTEM32\UMPDC.dll
0x00007ff8cde10000 - 0x00007ff8cde2b000 	C:\WINDOWS\SYSTEM32\kernel.appcore.dll
0x00007ff88ddd0000 - 0x00007ff88ddda000 	C:\Program Files\Apache NetBeans\jdk\bin\jimage.dll
0x00007ff8cc890000 - 0x00007ff8ccad2000 	C:\WINDOWS\SYSTEM32\DBGHELP.DLL
0x00007ff8d0140000 - 0x00007ff8d04cb000 	C:\WINDOWS\System32\combase.dll
0x00007ff8d0a70000 - 0x00007ff8d0b47000 	C:\WINDOWS\System32\OLEAUT32.dll
0x00007ff8ae940000 - 0x00007ff8ae97c000 	C:\WINDOWS\SYSTEM32\dbgcore.DLL
0x00007ff8cf240000 - 0x00007ff8cf2e5000 	C:\WINDOWS\System32\bcryptPrimitives.dll
0x00007ff85de80000 - 0x00007ff85de9e000 	C:\Program Files\Apache NetBeans\jdk\bin\java.dll
0x00007ff8d08d0000 - 0x00007ff8d0a67000 	C:\WINDOWS\System32\ole32.dll
0x00007ff8d11a0000 - 0x00007ff8d18ef000 	C:\WINDOWS\System32\SHELL32.dll
0x00007ff8cf440000 - 0x00007ff8cf5ab000 	C:\WINDOWS\System32\wintypes.dll

JVMTI agents: none

dbghelp: loaded successfully - version: 4.0.5 - missing functions: none
symbol engine: initialized successfully - sym options: 0x614 - pdb path: .;C:\Program Files\Apache NetBeans\jdk\bin;C:\WINDOWS\SYSTEM32;C:\WINDOWS\WinSxS\amd64_microsoft.windows.common-controls_6595b64144ccf1df_6.0.26100.7019_none_3e06ffa0e335b8a8;C:\Program Files\Apache NetBeans\jdk\bin\server

VM Arguments:
jvm_args: -Dfile.encoding=UTF-8 --module-path=C:\Users\shiva\OneDrive\Documents(1)\NetBeansProjects\Bank Management System\build\classes 
java_command: bank.management.system.SignupOne
java_class_path (initial): C:\Users\shiva\Downloads\jcalendar-1.4.jar;C:\Users\shiva\Downloads\mysql-connector-j-9.5.0.jar;C:\Users\shiva\OneDrive\Documents(1)\NetBeansProjects\Bank Management System\build\classes
Launcher Type: SUN_STANDARD

[Global flags]
     intx CICompilerCount                          = 3                                         {product} {ergonomic}
     uint ConcGCThreads                            = 1                                         {product} {ergonomic}
     uint G1ConcRefinementThreads                  = 4                                         {product} {ergonomic}
   size_t G1HeapRegionSize                         = 1048576                                   {product} {ergonomic}
   size_t InitialHeapSize                          = 130023424                                 {product} {ergonomic}
   size_t MarkStackSize                            = 4194304                                   {product} {ergonomic}
   size_t MarkStackSizeMax                         = 536870912                                 {product} {ergonomic}
   size_t MaxHeapSize                              = 2055208960                                {product} {ergonomic}
   size_t MinHeapDeltaBytes                        = 1048576                                   {product} {ergonomic}
   size_t MinHeapSize                              = 8388608                                   {product} {ergonomic}
    uintx NonNMethodCodeHeapSize                   = 5832704                                {pd product} {ergonomic}
    uintx NonProfiledCodeHeapSize                  = 122945536                              {pd product} {ergonomic}
    uintx ProfiledCodeHeapSize                     = 122880000                              {pd product} {ergonomic}
    uintx ReservedCodeCacheSize                    = 251658240                              {pd product} {ergonomic}
     bool SegmentedCodeCache                       = true                                      {product} {ergonomic}
   size_t SoftMaxHeapSize                          = 2055208960                             {manageable} {ergonomic}
     bool UseCompressedOops                        = true                           {product lp64_product} {ergonomic}
     bool UseG1GC                                  = true                                      {product} {ergonomic}
     bool UseLargePagesIndividualAllocation        = false                                  {pd product} {ergonomic}

Logging:
Log output configuration:
 #0: stdout all=warning uptime,level,tags foldmultilines=false
 #1: stderr all=off uptime,level,tags foldmultilines=false

Release file:
<release file has not been read>
Environment Variables:
PATH=C:\Program Files\Common Files\Oracle\Java\javapath;C:\WINDOWS\system32;C:\WINDOWS;C:\WINDOWS\System32\Wbem;C:\WINDOWS\System32\WindowsPowerShell\v1.0\;C:\WINDOWS\System32\OpenSSH\;C:\MinGW\bin;C:\Program Files\Git\cmd;C:\Program Files\Git\mingw64\bin;C:\Program Files\Git\usr\bin;C:\Program Files\nodejs\;C:\Program Files\MongoDB\Server\8.0\bin;C:\Program Files\Java\jdk-24\bin;C:\Users\shiva\AppData\Local\Programs\Python\Python314\python.exe;C:\Users\shiva\AppData\Local\Programs\Python\Python314\Scripts\;C:\Users\shiva\AppData\Local\Programs\Python\Python314\;C:\Users\shiva\anaconda3;C:\Users\shiva\anaconda3\Library\mingw-w64\bin;C:\Users\shiva\anaconda3\Library\usr\bin;C:\Users\shiva\anaconda3\Library\bin;C:\Users\shiva\anaconda3\Scripts;C:\Users\shiva\AppData\Local\Microsoft\WindowsApps;C:\Users\shiva\AppData\Roaming\npm;C:\Program Files\MySQL\MySQL Server 8.0\bin;C:\Users\shiva\AppData\Local\Programs\Python\Python314\Scripts\pip.exe;C:\Users\shiva\AppData\Roaming\Microsoft\Windows\Start Menu\Programs\Python 3.14;C:\Users\shiva\AppData\Local\Programs\Python\Python314\Scripts;C:\Users\shiva\AppData\Local\GitHubDesktop\bin;C:\Users\shiva\AppData\Local\Programs\Microsoft VS Code\bin
USERNAME=shiva
OS=Windows_NT
PROCESSOR_IDENTIFIER=Intel64 Family 6 Model 140 Stepping 1, GenuineIntel
TMP=C:\Users\shiva\AppData\Local\Temp
TEMP=C:\Users\shiva\AppData\Local\Temp




Compilation memory statistics disabled.

Periodic native trim disabled

---------------  S Y S T E M  ---------------

OS:
 Windows 11 , 64 bit Build 26100 (10.0.26100.7019)
OS uptime: 8 days 3:40 hours

CPU: total 4 (initial active 4) (2 cores per cpu, 2 threads per core) family 6 model 140 stepping 1 microcode 0xb4, cx8, cmov, fxsr, ht, mmx, 3dnowpref, sse, sse2, sse3, ssse3, sse4.1, sse4.2, popcnt, lzcnt, tsc, tscinvbit, avx, avx2, aes, erms, clmul, bmi1, bmi2, adx, avx512f, avx512dq, avx512cd, avx512bw, avx512vl, sha, fma, vzeroupper, avx512_vpopcntdq, avx512_vpclmulqdq, avx512_vaes, avx512_vnni, clflush, clflushopt, clwb, avx512_vbmi2, avx512_vbmi, rdtscp, rdpid, fsrm, gfni, avx512_bitalg, f16c, pku, cet_ibt, cet_ss, avx512_ifma
Processor Information for processor 0
  Max Mhz: 2901, Current Mhz: 2901, Mhz Limit: 2901
Processor Information for processor 1
  Max Mhz: 2901, Current Mhz: 2901, Mhz Limit: 2901
Processor Information for processor 2
  Max Mhz: 2901, Current Mhz: 1100, Mhz Limit: 2901
Processor Information for processor 3
  Max Mhz: 2901, Current Mhz: 2901, Mhz Limit: 2901

Memory: 4k page, system-wide physical 7834M (1392M free)
TotalPageFile size 16026M (AvailPageFile size 38M)
current process WorkingSet (physical memory assigned to process): 13M, peak: 13M
current process commit charge ("private bytes"): 52M, peak: 176M

vm_info: OpenJDK 64-Bit Server VM (25.0.1+8-LTS) for windows-amd64 JRE (25.0.1+8-LTS), built on 2025-10-21T00:00:00Z with unknown MS VC++:1942

END.
